<?xml version="1.0" encoding="UTF-8"?>
<!-- Generated by org.testng.reporters.JUnitReportReporter -->
<testsuite hostname="CLW652-959" failures="0" tests="1" name="com.m2.tests.OrangeHRMTests" time="102.323" errors="0" timestamp="2023-03-24T21:52:27 IST" skipped="0">
  <testcase classname="com.m2.tests.OrangeHRMTests" name="loginLogougTest" time="102.323"/>
  <system-out/>
</testsuite> <!-- com.m2.tests.OrangeHRMTests -->
