<?xml version="1.0" encoding="UTF-8"?>
<!-- Generated by org.testng.reporters.JUnitReportReporter -->
<testsuite hostname="CLW652-959" failures="0" tests="1" name="com.m2.tests.HomepageTests" time="9.426" errors="0" timestamp="2023-03-22T23:41:50 IST" skipped="0">
  <testcase classname="com.m2.tests.HomepageTests" name="test3" time="9.426"/>
  <system-out/>
</testsuite> <!-- com.m2.tests.HomepageTests -->
