<?xml version="1.0" encoding="UTF-8"?>
<!-- Generated by org.testng.reporters.JUnitReportReporter -->
<testsuite hostname="CLW652-959" failures="0" tests="1" name="com.m2.tests.LoginpageTests" time="17.414" errors="0" timestamp="2023-03-22T00:31:00 IST" skipped="0">
  <testcase classname="com.m2.tests.LoginpageTests" name="test2" time="17.414"/>
  <system-out/>
</testsuite> <!-- com.m2.tests.LoginpageTests -->
